https://cdn.jsdelivr.net/gh/ViratiAkiraNandhanReddy/pixel-art-readme-gifs@v1/gifs/hrzn/012977c5-1170-4279-bac6-c98676e23c3c.gif
https://cdn.jsdelivr.net/gh/ViratiAkiraNandhanReddy/pixel-art-readme-gifs@v1/gifs/hrzn/0199b1c1-7292-4765-9d99-d2921fbc4f73.gif
https://cdn.jsdelivr.net/gh/ViratiAkiraNandhanReddy/pixel-art-readme-gifs@v1/gifs/hrzn/055ac52e-9391-4728-ba18-01d41fe302cc.gif
https://cdn.jsdelivr.net/gh/ViratiAkiraNandhanReddy/pixel-art-readme-gifs@v1/gifs/hrzn/06a2cc1d-3092-4361-9f62-76e4f4ee6225.gif
https://cdn.jsdelivr.net/gh/ViratiAkiraNandhanReddy/pixel-art-readme-gifs@v1/gifs/hrzn/0904c9ae-23eb-454a-98fc-f848af4d5fd5.gif
https://cdn.jsdelivr.net/gh/ViratiAkiraNandhanReddy/pixel-art-readme-gifs@v1/gifs/hrzn/094dc075-20f0-467a-94b1-92fc42383ac2.gif
https://cdn.jsdelivr.net/gh/ViratiAkiraNandhanReddy/pixel-art-readme-gifs@v1/gifs/hrzn/0d8534b3-882e-4122-8f5b-1e5324fa06cb.gif
https://cdn.jsdelivr.net/gh/ViratiAkiraNandhanReddy/pixel-art-readme-gifs@v1/gifs/hrzn/0e08cc0a-02e3-45e1-9ebd-6176cb3cad39.gif
https://cdn.jsdelivr.net/gh/ViratiAkiraNandhanReddy/pixel-art-readme-gifs@v1/gifs/hrzn/12c44bd6-f3d1-45b0-97a6-fdd24ed8062e.gif
https://cdn.jsdelivr.net/gh/ViratiAkiraNandhanReddy/pixel-art-readme-gifs@v1/gifs/hrzn/13b39164-f9df-4df4-9cda-52c73c1db4ef.gif
https://cdn.jsdelivr.net/gh/ViratiAkiraNandhanReddy/pixel-art-readme-gifs@v1/gifs/hrzn/17381691-4af5-41fb-a958-d05c5dac0aaa.gif
https://cdn.jsdelivr.net/gh/ViratiAkiraNandhanReddy/pixel-art-readme-gifs@v1/gifs/hrzn/18c23114-174d-4868-b392-cb5875ddc4c9.gif
https://cdn.jsdelivr.net/gh/ViratiAkiraNandhanReddy/pixel-art-readme-gifs@v1/gifs/hrzn/1a70f452-b8cf-4870-a8aa-284962bbe316.gif
https://cdn.jsdelivr.net/gh/ViratiAkiraNandhanReddy/pixel-art-readme-gifs@v1/gifs/hrzn/20e815aa-9354-440f-b887-c3687fac1383.gif
https://cdn.jsdelivr.net/gh/ViratiAkiraNandhanReddy/pixel-art-readme-gifs@v1/gifs/hrzn/20f675d5-8811-46fe-98db-b95cb157b026.gif
https://cdn.jsdelivr.net/gh/ViratiAkiraNandhanReddy/pixel-art-readme-gifs@v1/gifs/hrzn/223a2eaa-ae40-460c-9b55-6e38c5dade5e.gif
https://cdn.jsdelivr.net/gh/ViratiAkiraNandhanReddy/pixel-art-readme-gifs@v1/gifs/hrzn/28f3fc02-1be0-4416-8747-115669b7db50.gif
https://cdn.jsdelivr.net/gh/ViratiAkiraNandhanReddy/pixel-art-readme-gifs@v1/gifs/hrzn/2a97ded2-3fdf-44e9-aa18-e631598574fb.gif
https://cdn.jsdelivr.net/gh/ViratiAkiraNandhanReddy/pixel-art-readme-gifs@v1/gifs/hrzn/2eb95659-36bf-40b2-a75a-b2fe518e2d0f.gif
https://cdn.jsdelivr.net/gh/ViratiAkiraNandhanReddy/pixel-art-readme-gifs@v1/gifs/hrzn/2f18bfcc-b602-4a2e-bd2e-7f5b8d730476.gif
https://cdn.jsdelivr.net/gh/ViratiAkiraNandhanReddy/pixel-art-readme-gifs@v1/gifs/hrzn/2fb594ac-faff-4bdf-bcd2-771892b67c74.gif
https://cdn.jsdelivr.net/gh/ViratiAkiraNandhanReddy/pixel-art-readme-gifs@v1/gifs/hrzn/32ef73d0-fb6c-447c-a5e0-24ac7b6464b6.gif
https://cdn.jsdelivr.net/gh/ViratiAkiraNandhanReddy/pixel-art-readme-gifs@v1/gifs/hrzn/339f5c11-7647-46c5-ba81-61c9a1bf0ae4.gif
https://cdn.jsdelivr.net/gh/ViratiAkiraNandhanReddy/pixel-art-readme-gifs@v1/gifs/hrzn/365cfaf1-c31d-468b-b276-8c39756b5951.gif
https://cdn.jsdelivr.net/gh/ViratiAkiraNandhanReddy/pixel-art-readme-gifs@v1/gifs/hrzn/39ddec87-eb99-488b-aae3-433d61a97678.gif
https://cdn.jsdelivr.net/gh/ViratiAkiraNandhanReddy/pixel-art-readme-gifs@v1/gifs/hrzn/3a614534-db6f-4dd4-bf5b-a3d6707de92c.gif
https://cdn.jsdelivr.net/gh/ViratiAkiraNandhanReddy/pixel-art-readme-gifs@v1/gifs/hrzn/3b0644ae-b426-4589-8c3e-9eecf3af03d8.gif
https://cdn.jsdelivr.net/gh/ViratiAkiraNandhanReddy/pixel-art-readme-gifs@v1/gifs/hrzn/3cd9072a-6757-44aa-8671-a1dffbf05758.gif
https://cdn.jsdelivr.net/gh/ViratiAkiraNandhanReddy/pixel-art-readme-gifs@v1/gifs/hrzn/429496d3-aa08-4ce2-9c95-7dacf2d7f835.gif
https://cdn.jsdelivr.net/gh/ViratiAkiraNandhanReddy/pixel-art-readme-gifs@v1/gifs/hrzn/44208c7a-844f-4ebc-bee7-d5d00e788269.gif
https://cdn.jsdelivr.net/gh/ViratiAkiraNandhanReddy/pixel-art-readme-gifs@v1/gifs/hrzn/449c4c2a-1d72-410a-861e-a457a8b5a188.gif
https://cdn.jsdelivr.net/gh/ViratiAkiraNandhanReddy/pixel-art-readme-gifs@v1/gifs/hrzn/44a23ee9-a367-4be3-8e72-1f526cf09357.gif
https://cdn.jsdelivr.net/gh/ViratiAkiraNandhanReddy/pixel-art-readme-gifs@v1/gifs/hrzn/455b57cb-4859-4f79-ba1f-e628e86253db.gif
https://cdn.jsdelivr.net/gh/ViratiAkiraNandhanReddy/pixel-art-readme-gifs@v1/gifs/hrzn/45b38e37-c8f8-4497-bbac-aba60556b3ef.gif
https://cdn.jsdelivr.net/gh/ViratiAkiraNandhanReddy/pixel-art-readme-gifs@v1/gifs/hrzn/46ed3760-1a0b-4c73-b8d3-bd3aa1997c89.gif
https://cdn.jsdelivr.net/gh/ViratiAkiraNandhanReddy/pixel-art-readme-gifs@v1/gifs/hrzn/4706ee36-6e81-44dd-bcdf-7f57c9badb31.gif
https://cdn.jsdelivr.net/gh/ViratiAkiraNandhanReddy/pixel-art-readme-gifs@v1/gifs/hrzn/4726a3a3-505b-47b9-b989-33a82295f6e6.gif
https://cdn.jsdelivr.net/gh/ViratiAkiraNandhanReddy/pixel-art-readme-gifs@v1/gifs/hrzn/479b0fbe-8bba-4b28-851c-352463d051c9.gif
https://cdn.jsdelivr.net/gh/ViratiAkiraNandhanReddy/pixel-art-readme-gifs@v1/gifs/hrzn/48de2e22-d234-4d98-9094-8463ce0c914a.gif
https://cdn.jsdelivr.net/gh/ViratiAkiraNandhanReddy/pixel-art-readme-gifs@v1/gifs/hrzn/4ae82f6a-58bc-4555-b187-0e36d5c7f727.gif
https://cdn.jsdelivr.net/gh/ViratiAkiraNandhanReddy/pixel-art-readme-gifs@v1/gifs/hrzn/4c0435ff-2a84-4172-9652-6ac2127113d0.gif
https://cdn.jsdelivr.net/gh/ViratiAkiraNandhanReddy/pixel-art-readme-gifs@v1/gifs/hrzn/4fd0385f-6202-4443-90d2-0290ec044044.gif
https://cdn.jsdelivr.net/gh/ViratiAkiraNandhanReddy/pixel-art-readme-gifs@v1/gifs/hrzn/501a9c27-8a58-4cae-8834-2092336b27b6.gif
https://cdn.jsdelivr.net/gh/ViratiAkiraNandhanReddy/pixel-art-readme-gifs@v1/gifs/hrzn/51643dea-a0cf-46f1-b003-7c571040c518.gif
https://cdn.jsdelivr.net/gh/ViratiAkiraNandhanReddy/pixel-art-readme-gifs@v1/gifs/hrzn/51aaabf2-8d66-45f7-b310-c3522ab6b90c.gif
https://cdn.jsdelivr.net/gh/ViratiAkiraNandhanReddy/pixel-art-readme-gifs@v1/gifs/hrzn/51bc6c80-6b6c-48cd-a8e7-0e5b22263e4f.gif
https://cdn.jsdelivr.net/gh/ViratiAkiraNandhanReddy/pixel-art-readme-gifs@v1/gifs/hrzn/52234870-441b-41d2-aa1c-d2ac8ea5aef3.gif
https://cdn.jsdelivr.net/gh/ViratiAkiraNandhanReddy/pixel-art-readme-gifs@v1/gifs/hrzn/545c0fb4-d5be-4bc6-974d-4e3ab715857b.gif
https://cdn.jsdelivr.net/gh/ViratiAkiraNandhanReddy/pixel-art-readme-gifs@v1/gifs/hrzn/5b33bdfd-46a1-4041-9f64-bfd641917737.gif
https://cdn.jsdelivr.net/gh/ViratiAkiraNandhanReddy/pixel-art-readme-gifs@v1/gifs/hrzn/5b50266f-fbd9-4139-ac11-8fe14370bdce.gif
https://cdn.jsdelivr.net/gh/ViratiAkiraNandhanReddy/pixel-art-readme-gifs@v1/gifs/hrzn/5e33fe1a-2e0d-43f1-8ec4-92f759d9facd.gif
https://cdn.jsdelivr.net/gh/ViratiAkiraNandhanReddy/pixel-art-readme-gifs@v1/gifs/hrzn/63a6486d-8602-48fe-9a9a-1fb91d6053e1.gif
https://cdn.jsdelivr.net/gh/ViratiAkiraNandhanReddy/pixel-art-readme-gifs@v1/gifs/hrzn/63a9a879-f1e3-4876-8ea7-002044b9f2dc.gif
https://cdn.jsdelivr.net/gh/ViratiAkiraNandhanReddy/pixel-art-readme-gifs@v1/gifs/hrzn/64067284-5026-4af9-af11-5311f4724ebd.gif
https://cdn.jsdelivr.net/gh/ViratiAkiraNandhanReddy/pixel-art-readme-gifs@v1/gifs/hrzn/64ea2569-bb21-4eb6-a775-8bf954725632.gif
https://cdn.jsdelivr.net/gh/ViratiAkiraNandhanReddy/pixel-art-readme-gifs@v1/gifs/hrzn/658690d7-f957-4795-91aa-f97903641e26.gif
https://cdn.jsdelivr.net/gh/ViratiAkiraNandhanReddy/pixel-art-readme-gifs@v1/gifs/hrzn/68f55f2f-cf69-410f-8943-259d114c915c.gif
https://cdn.jsdelivr.net/gh/ViratiAkiraNandhanReddy/pixel-art-readme-gifs@v1/gifs/hrzn/71ebd83c-0457-4934-9ffb-4877567b4d0d.gif
https://cdn.jsdelivr.net/gh/ViratiAkiraNandhanReddy/pixel-art-readme-gifs@v1/gifs/hrzn/76016b0a-8594-430e-8987-27a5bda3baf3.gif
https://cdn.jsdelivr.net/gh/ViratiAkiraNandhanReddy/pixel-art-readme-gifs@v1/gifs/hrzn/762085ce-710b-478d-b859-b35a0dd53145.gif
https://cdn.jsdelivr.net/gh/ViratiAkiraNandhanReddy/pixel-art-readme-gifs@v1/gifs/hrzn/76e5cd62-5dce-40ca-b51e-5c798ef761ac.gif
https://cdn.jsdelivr.net/gh/ViratiAkiraNandhanReddy/pixel-art-readme-gifs@v1/gifs/hrzn/782816ac-1f4c-4881-a26e-a5c68f18c104.gif
https://cdn.jsdelivr.net/gh/ViratiAkiraNandhanReddy/pixel-art-readme-gifs@v1/gifs/hrzn/788d7d07-9cdd-449a-9f29-ea51ae504fca.gif
https://cdn.jsdelivr.net/gh/ViratiAkiraNandhanReddy/pixel-art-readme-gifs@v1/gifs/hrzn/7a89dd39-1384-4718-9d8f-f570588a16dd.gif
https://cdn.jsdelivr.net/gh/ViratiAkiraNandhanReddy/pixel-art-readme-gifs@v1/gifs/hrzn/7d535d66-0b8f-4851-a43c-b8879feeb48d.gif
https://cdn.jsdelivr.net/gh/ViratiAkiraNandhanReddy/pixel-art-readme-gifs@v1/gifs/hrzn/7e465168-a56a-444e-b1e9-3c756a6bc4a5.gif
https://cdn.jsdelivr.net/gh/ViratiAkiraNandhanReddy/pixel-art-readme-gifs@v1/gifs/hrzn/7ecf806e-7a04-4caa-89a6-5e3a1a42342a.gif
https://cdn.jsdelivr.net/gh/ViratiAkiraNandhanReddy/pixel-art-readme-gifs@v1/gifs/hrzn/7fd2243a-f99e-4715-a81e-437c90e7be98.gif
https://cdn.jsdelivr.net/gh/ViratiAkiraNandhanReddy/pixel-art-readme-gifs@v1/gifs/hrzn/83eb2b63-459a-493d-8373-c91d2c8b3b10.gif
https://cdn.jsdelivr.net/gh/ViratiAkiraNandhanReddy/pixel-art-readme-gifs@v1/gifs/hrzn/843ddac0-c487-4ded-bc8e-5b6f68589995.gif
https://cdn.jsdelivr.net/gh/ViratiAkiraNandhanReddy/pixel-art-readme-gifs@v1/gifs/hrzn/84a61eac-6101-4fd9-85a3-bd1cb27b9a1c.gif
https://cdn.jsdelivr.net/gh/ViratiAkiraNandhanReddy/pixel-art-readme-gifs@v1/gifs/hrzn/891a7d7a-45d2-4bbd-bb7c-08616acf6711.gif
https://cdn.jsdelivr.net/gh/ViratiAkiraNandhanReddy/pixel-art-readme-gifs@v1/gifs/hrzn/8a4236b2-760c-4fb5-9fb1-0a33c51e19d0.gif
https://cdn.jsdelivr.net/gh/ViratiAkiraNandhanReddy/pixel-art-readme-gifs@v1/gifs/hrzn/8ab918ab-15df-4148-bcd3-5e86c3771896.gif
https://cdn.jsdelivr.net/gh/ViratiAkiraNandhanReddy/pixel-art-readme-gifs@v1/gifs/hrzn/8d516142-6a8f-407e-9de8-3acadabd6da7.gif
https://cdn.jsdelivr.net/gh/ViratiAkiraNandhanReddy/pixel-art-readme-gifs@v1/gifs/hrzn/91838def-2880-40c2-87c0-c611d07b1d6a.gif
https://cdn.jsdelivr.net/gh/ViratiAkiraNandhanReddy/pixel-art-readme-gifs@v1/gifs/hrzn/944ebf05-5e68-48fd-830e-bafa74aeae61.gif
https://cdn.jsdelivr.net/gh/ViratiAkiraNandhanReddy/pixel-art-readme-gifs@v1/gifs/hrzn/94c44771-eb83-47bc-ae22-f53b55ee271e.gif
https://cdn.jsdelivr.net/gh/ViratiAkiraNandhanReddy/pixel-art-readme-gifs@v1/gifs/hrzn/9586c6fa-686c-4f87-9b1f-132b46322499.gif
https://cdn.jsdelivr.net/gh/ViratiAkiraNandhanReddy/pixel-art-readme-gifs@v1/gifs/hrzn/97fa591f-a936-4841-ba8a-1b33bc3815e1.gif
https://cdn.jsdelivr.net/gh/ViratiAkiraNandhanReddy/pixel-art-readme-gifs@v1/gifs/hrzn/9ac18207-d753-46f8-a772-ee8ccd4d9e05.gif
https://cdn.jsdelivr.net/gh/ViratiAkiraNandhanReddy/pixel-art-readme-gifs@v1/gifs/hrzn/9c9cbbe0-526f-4739-be04-c18782c4eb7d.gif
https://cdn.jsdelivr.net/gh/ViratiAkiraNandhanReddy/pixel-art-readme-gifs@v1/gifs/hrzn/a1654aa1-c542-4269-b9f1-a9cc5634e112.gif
https://cdn.jsdelivr.net/gh/ViratiAkiraNandhanReddy/pixel-art-readme-gifs@v1/gifs/hrzn/a30b9d94-0f7d-4331-8323-f0da84cb6303.gif
https://cdn.jsdelivr.net/gh/ViratiAkiraNandhanReddy/pixel-art-readme-gifs@v1/gifs/hrzn/a4482388-baa3-4972-96de-dcdff32b842b.gif
https://cdn.jsdelivr.net/gh/ViratiAkiraNandhanReddy/pixel-art-readme-gifs@v1/gifs/hrzn/a5a2e99d-4e1b-4992-a6bd-9f1fc93c8973.gif
https://cdn.jsdelivr.net/gh/ViratiAkiraNandhanReddy/pixel-art-readme-gifs@v1/gifs/hrzn/a63fc79a-b9ed-475f-b0a1-e73194cf9e61.gif
https://cdn.jsdelivr.net/gh/ViratiAkiraNandhanReddy/pixel-art-readme-gifs@v1/gifs/hrzn/a6b08f8d-533b-44a6-88d7-90ceefcbd529.gif
https://cdn.jsdelivr.net/gh/ViratiAkiraNandhanReddy/pixel-art-readme-gifs@v1/gifs/hrzn/a72ad2e4-19ab-452f-8b40-4647f6dc5dfe.gif
https://cdn.jsdelivr.net/gh/ViratiAkiraNandhanReddy/pixel-art-readme-gifs@v1/gifs/hrzn/a8871d2d-d817-4c49-a377-801cd11f6d6f.gif
https://cdn.jsdelivr.net/gh/ViratiAkiraNandhanReddy/pixel-art-readme-gifs@v1/gifs/hrzn/aa485309-2a25-498b-86b5-2c0ce675cc93.gif
https://cdn.jsdelivr.net/gh/ViratiAkiraNandhanReddy/pixel-art-readme-gifs@v1/gifs/hrzn/aafe108a-e9cc-4f72-8730-257ae46d4951.gif
https://cdn.jsdelivr.net/gh/ViratiAkiraNandhanReddy/pixel-art-readme-gifs@v1/gifs/hrzn/ac8359ef-0f80-47d5-b1dc-05c1c7a273bc.gif
https://cdn.jsdelivr.net/gh/ViratiAkiraNandhanReddy/pixel-art-readme-gifs@v1/gifs/hrzn/ad036dee-2f56-4b3a-854f-e2ace16e819d.gif
https://cdn.jsdelivr.net/gh/ViratiAkiraNandhanReddy/pixel-art-readme-gifs@v1/gifs/hrzn/ae747ea3-33a7-462f-a13e-b9c5d7e89d52.gif
https://cdn.jsdelivr.net/gh/ViratiAkiraNandhanReddy/pixel-art-readme-gifs@v1/gifs/hrzn/aefd99fb-725f-4aff-b84a-d76e2bc24841.gif
https://cdn.jsdelivr.net/gh/ViratiAkiraNandhanReddy/pixel-art-readme-gifs@v1/gifs/hrzn/b05314b4-6873-4028-9787-c43c7ce7e541.gif
https://cdn.jsdelivr.net/gh/ViratiAkiraNandhanReddy/pixel-art-readme-gifs@v1/gifs/hrzn/b0646fed-bfcb-457e-af0a-139cef4af860.gif
https://cdn.jsdelivr.net/gh/ViratiAkiraNandhanReddy/pixel-art-readme-gifs@v1/gifs/hrzn/b1e563b8-65c9-4742-9e73-d13aa0bea58e.gif
https://cdn.jsdelivr.net/gh/ViratiAkiraNandhanReddy/pixel-art-readme-gifs@v1/gifs/hrzn/b39c60bf-a6a1-4989-8a41-cd7556b9ac3e.gif
https://cdn.jsdelivr.net/gh/ViratiAkiraNandhanReddy/pixel-art-readme-gifs@v1/gifs/hrzn/b50b4df3-ccab-4b9f-884c-1758297f9c04.gif
https://cdn.jsdelivr.net/gh/ViratiAkiraNandhanReddy/pixel-art-readme-gifs@v1/gifs/hrzn/b621baa7-d76d-4fd9-9d58-626e276333fe.gif
https://cdn.jsdelivr.net/gh/ViratiAkiraNandhanReddy/pixel-art-readme-gifs@v1/gifs/hrzn/bbd5a3a5-2ac0-4cf0-96ec-40efecc87a1e.gif
https://cdn.jsdelivr.net/gh/ViratiAkiraNandhanReddy/pixel-art-readme-gifs@v1/gifs/hrzn/bc2467f4-e98e-4daf-8e1b-fcbac0c5ea06.gif
https://cdn.jsdelivr.net/gh/ViratiAkiraNandhanReddy/pixel-art-readme-gifs@v1/gifs/hrzn/bc59448e-d0aa-4644-9188-e0d7858d9be2.gif
https://cdn.jsdelivr.net/gh/ViratiAkiraNandhanReddy/pixel-art-readme-gifs@v1/gifs/hrzn/be5f1865-fe70-4d9e-9358-fef1d6da78f2.gif
https://cdn.jsdelivr.net/gh/ViratiAkiraNandhanReddy/pixel-art-readme-gifs@v1/gifs/hrzn/beeb7787-5c58-4295-a7f4-af5c624bb65a.gif
https://cdn.jsdelivr.net/gh/ViratiAkiraNandhanReddy/pixel-art-readme-gifs@v1/gifs/hrzn/bf39840f-214c-453b-8236-62d1d6c8f3e1.gif
https://cdn.jsdelivr.net/gh/ViratiAkiraNandhanReddy/pixel-art-readme-gifs@v1/gifs/hrzn/bf68e897-b05d-46a7-a4ea-7827a4ad1463.gif
https://cdn.jsdelivr.net/gh/ViratiAkiraNandhanReddy/pixel-art-readme-gifs@v1/gifs/hrzn/bf7f3dae-d739-41e9-8eeb-2197a8b02198.gif
https://cdn.jsdelivr.net/gh/ViratiAkiraNandhanReddy/pixel-art-readme-gifs@v1/gifs/hrzn/c1f7cfeb-bd09-4eb8-94f5-baf81e775e42.gif
https://cdn.jsdelivr.net/gh/ViratiAkiraNandhanReddy/pixel-art-readme-gifs@v1/gifs/hrzn/c37a88de-8781-479f-a03e-c2ad5911821d.gif
https://cdn.jsdelivr.net/gh/ViratiAkiraNandhanReddy/pixel-art-readme-gifs@v1/gifs/hrzn/c60ba447-b9ce-4ffa-8d28-0985a030d3ae.gif
https://cdn.jsdelivr.net/gh/ViratiAkiraNandhanReddy/pixel-art-readme-gifs@v1/gifs/hrzn/c78e5eb8-6878-413e-91bc-58bfeb87fb9b.gif
https://cdn.jsdelivr.net/gh/ViratiAkiraNandhanReddy/pixel-art-readme-gifs@v1/gifs/hrzn/c8f6f684-8480-49b5-9169-2673cb6df29a.gif
https://cdn.jsdelivr.net/gh/ViratiAkiraNandhanReddy/pixel-art-readme-gifs@v1/gifs/hrzn/c929a59d-e3e7-4940-a462-df1117b08baa.gif
https://cdn.jsdelivr.net/gh/ViratiAkiraNandhanReddy/pixel-art-readme-gifs@v1/gifs/hrzn/ca1a0521-4ba3-4da1-b4b3-1ef413f5c3ef.gif
https://cdn.jsdelivr.net/gh/ViratiAkiraNandhanReddy/pixel-art-readme-gifs@v1/gifs/hrzn/cbe774eb-4f1f-4d5e-84ec-6101815d321b.gif
https://cdn.jsdelivr.net/gh/ViratiAkiraNandhanReddy/pixel-art-readme-gifs@v1/gifs/hrzn/d11882fc-bd1d-40bc-ae8a-704183b96c44.gif
https://cdn.jsdelivr.net/gh/ViratiAkiraNandhanReddy/pixel-art-readme-gifs@v1/gifs/hrzn/d7a8e908-c92d-4b03-901e-efd6008080cf.gif
https://cdn.jsdelivr.net/gh/ViratiAkiraNandhanReddy/pixel-art-readme-gifs@v1/gifs/hrzn/dafa5c0b-2eb3-41d5-a506-73aca1807b0e.gif
https://cdn.jsdelivr.net/gh/ViratiAkiraNandhanReddy/pixel-art-readme-gifs@v1/gifs/hrzn/dd6fa117-21ce-473f-8243-ed893a0080ff.gif
https://cdn.jsdelivr.net/gh/ViratiAkiraNandhanReddy/pixel-art-readme-gifs@v1/gifs/hrzn/df7de37d-7cad-4ff0-b40b-c4b8c7228ce5.gif
https://cdn.jsdelivr.net/gh/ViratiAkiraNandhanReddy/pixel-art-readme-gifs@v1/gifs/hrzn/e037ecf3-3399-4554-99c2-aeff5c95e52a.gif
https://cdn.jsdelivr.net/gh/ViratiAkiraNandhanReddy/pixel-art-readme-gifs@v1/gifs/hrzn/e2de36fd-43af-4a00-9685-15519e5f426b.gif
https://cdn.jsdelivr.net/gh/ViratiAkiraNandhanReddy/pixel-art-readme-gifs@v1/gifs/hrzn/e392d7a6-4acb-4bfb-a157-a2ba24f21745.gif
https://cdn.jsdelivr.net/gh/ViratiAkiraNandhanReddy/pixel-art-readme-gifs@v1/gifs/hrzn/e652db58-4184-48c8-863f-5f64b88d78b4.gif
https://cdn.jsdelivr.net/gh/ViratiAkiraNandhanReddy/pixel-art-readme-gifs@v1/gifs/hrzn/e7befc3f-26a1-4fa9-900b-08ea42209194.gif
https://cdn.jsdelivr.net/gh/ViratiAkiraNandhanReddy/pixel-art-readme-gifs@v1/gifs/hrzn/eaa40dd5-6454-490c-b38f-69cc9cf647a9.gif
https://cdn.jsdelivr.net/gh/ViratiAkiraNandhanReddy/pixel-art-readme-gifs@v1/gifs/hrzn/ec3eac29-b2c7-47e6-8608-2348d546b3aa.gif
https://cdn.jsdelivr.net/gh/ViratiAkiraNandhanReddy/pixel-art-readme-gifs@v1/gifs/hrzn/efe95fa7-9e50-4766-ae67-eef97ab8d015.gif
https://cdn.jsdelivr.net/gh/ViratiAkiraNandhanReddy/pixel-art-readme-gifs@v1/gifs/hrzn/f986a0ec-9e60-4ba8-b328-176aff7ce55c.gif
https://cdn.jsdelivr.net/gh/ViratiAkiraNandhanReddy/pixel-art-readme-gifs@v1/gifs/hrzn/fb08c3ec-0294-4801-ab3d-0a74e1ef9bdd.gif
https://cdn.jsdelivr.net/gh/ViratiAkiraNandhanReddy/pixel-art-readme-gifs@v1/gifs/hrzn/fb4ff0cb-1073-40ef-8d95-e37f083ab3bf.gif
https://cdn.jsdelivr.net/gh/ViratiAkiraNandhanReddy/pixel-art-readme-gifs@v1/gifs/hrzn/fcded489-28ed-4991-bf40-8706f3aa6a9c.gif
https://cdn.jsdelivr.net/gh/ViratiAkiraNandhanReddy/pixel-art-readme-gifs@v1/gifs/hrzn/ff6be0e6-5aa4-478f-96d5-dd97bc5c0ce3.gif
https://cdn.jsdelivr.net/gh/ViratiAkiraNandhanReddy/pixel-art-readme-gifs@v1/gifs/hrzn/ff78f859-bc45-445d-ae42-84bb1d627b44.gif
https://cdn.jsdelivr.net/gh/ViratiAkiraNandhanReddy/pixel-art-readme-gifs@v1/gifs/hrzn/ff89fea1-527e-41f2-a07f-0a54a4c22ed1.gif
https://cdn.jsdelivr.net/gh/ViratiAkiraNandhanReddy/pixel-art-readme-gifs@v1/gifs/sqre/01596d7e-f470-412c-9f43-c08126fb7dc0.gif
https://cdn.jsdelivr.net/gh/ViratiAkiraNandhanReddy/pixel-art-readme-gifs@v1/gifs/sqre/19be3279-5f48-4477-bb7c-86f61c02bfc1.gif
https://cdn.jsdelivr.net/gh/ViratiAkiraNandhanReddy/pixel-art-readme-gifs@v1/gifs/sqre/1b0aa8fc-a6b3-4d81-b2b4-f5bd4030fe25.gif
https://cdn.jsdelivr.net/gh/ViratiAkiraNandhanReddy/pixel-art-readme-gifs@v1/gifs/sqre/32b3e6cc-bd73-49aa-95b7-90ba55c44fb8.gif
https://cdn.jsdelivr.net/gh/ViratiAkiraNandhanReddy/pixel-art-readme-gifs@v1/gifs/sqre/39f212b1-1d43-4676-8785-f0b86bc9c220.gif
https://cdn.jsdelivr.net/gh/ViratiAkiraNandhanReddy/pixel-art-readme-gifs@v1/gifs/sqre/50693849-1635-499f-891d-25b8139daabd.gif
https://cdn.jsdelivr.net/gh/ViratiAkiraNandhanReddy/pixel-art-readme-gifs@v1/gifs/sqre/542cf2fc-8641-47ef-98f0-d159eeaa4a2e.gif
https://cdn.jsdelivr.net/gh/ViratiAkiraNandhanReddy/pixel-art-readme-gifs@v1/gifs/sqre/82938490-da8c-4fc5-a192-75c578bcf955.gif
https://cdn.jsdelivr.net/gh/ViratiAkiraNandhanReddy/pixel-art-readme-gifs@v1/gifs/sqre/9a6c1d65-6aa2-42f3-9a39-91d9bac91497.gif
https://cdn.jsdelivr.net/gh/ViratiAkiraNandhanReddy/pixel-art-readme-gifs@v1/gifs/sqre/9e416d48-da4b-42e0-a9ea-7f495c08ad54.gif
https://cdn.jsdelivr.net/gh/ViratiAkiraNandhanReddy/pixel-art-readme-gifs@v1/gifs/sqre/a0072f37-0e99-450d-9234-93f62d080f15.gif
https://cdn.jsdelivr.net/gh/ViratiAkiraNandhanReddy/pixel-art-readme-gifs@v1/gifs/sqre/a9baeeac-8e6a-4aa9-976d-d38c7b80c94d.gif
https://cdn.jsdelivr.net/gh/ViratiAkiraNandhanReddy/pixel-art-readme-gifs@v1/gifs/sqre/abc64b49-ced7-47af-9de0-756de3798cb3.gif
https://cdn.jsdelivr.net/gh/ViratiAkiraNandhanReddy/pixel-art-readme-gifs@v1/gifs/sqre/bd96ae6b-ce2b-428f-9310-e0b4a2bcbe99.gif
https://cdn.jsdelivr.net/gh/ViratiAkiraNandhanReddy/pixel-art-readme-gifs@v1/gifs/sqre/bea2b427-5e43-45cb-ac51-28112339b1ef.gif
https://cdn.jsdelivr.net/gh/ViratiAkiraNandhanReddy/pixel-art-readme-gifs@v1/gifs/sqre/bf948053-2ffe-4421-ab0a-cda03c14f400.gif
https://cdn.jsdelivr.net/gh/ViratiAkiraNandhanReddy/pixel-art-readme-gifs@v1/gifs/sqre/c16f2acb-4953-40e0-87d0-9ad9f857fc85.gif
https://cdn.jsdelivr.net/gh/ViratiAkiraNandhanReddy/pixel-art-readme-gifs@v1/gifs/sqre/c1772a6e-2a7a-4088-909b-a4d81563141f.gif
https://cdn.jsdelivr.net/gh/ViratiAkiraNandhanReddy/pixel-art-readme-gifs@v1/gifs/sqre/caf98289-4202-44d6-bed7-4ded705e2edc.gif
https://cdn.jsdelivr.net/gh/ViratiAkiraNandhanReddy/pixel-art-readme-gifs@v1/gifs/sqre/e2ea0aa4-284a-4a7f-bc89-ae5a01d366e9.gif
https://cdn.jsdelivr.net/gh/ViratiAkiraNandhanReddy/pixel-art-readme-gifs@v1/gifs/sqre/e419120f-79ee-45ca-9e45-ba575dd0401c.gif
https://cdn.jsdelivr.net/gh/ViratiAkiraNandhanReddy/pixel-art-readme-gifs@v1/gifs/sqre/e9378f04-1e24-47da-8685-35ac9e31ca9e.gif
https://cdn.jsdelivr.net/gh/ViratiAkiraNandhanReddy/pixel-art-readme-gifs@v1/gifs/sqre/f5464463-2ca9-4613-984d-ec9fc0e24aba.gif
https://cdn.jsdelivr.net/gh/ViratiAkiraNandhanReddy/pixel-art-readme-gifs@v1/gifs/sqre/f5598480-9fb7-4ed9-abb4-118cd0c0ff5e.gif
https://cdn.jsdelivr.net/gh/ViratiAkiraNandhanReddy/pixel-art-readme-gifs@v1/gifs/vtcl/01679dc7-ad6e-4463-8461-cd89bf470be5.gif
https://cdn.jsdelivr.net/gh/ViratiAkiraNandhanReddy/pixel-art-readme-gifs@v1/gifs/vtcl/071061a2-4e07-44f4-82be-2e6da0294597.gif
https://cdn.jsdelivr.net/gh/ViratiAkiraNandhanReddy/pixel-art-readme-gifs@v1/gifs/vtcl/13d40def-9425-4bc0-b362-1e1eaa094fef.gif
https://cdn.jsdelivr.net/gh/ViratiAkiraNandhanReddy/pixel-art-readme-gifs@v1/gifs/vtcl/194a3f2b-1a1b-44bb-a29f-32912bdc5ef1.gif
https://cdn.jsdelivr.net/gh/ViratiAkiraNandhanReddy/pixel-art-readme-gifs@v1/gifs/vtcl/19772292-a80d-4aea-ae45-cfd28faac7f7.gif
https://cdn.jsdelivr.net/gh/ViratiAkiraNandhanReddy/pixel-art-readme-gifs@v1/gifs/vtcl/1aec5741-02c9-4597-8390-994374179b3d.gif
https://cdn.jsdelivr.net/gh/ViratiAkiraNandhanReddy/pixel-art-readme-gifs@v1/gifs/vtcl/1d51fa06-ea70-46b4-892c-43253ca17793.gif
https://cdn.jsdelivr.net/gh/ViratiAkiraNandhanReddy/pixel-art-readme-gifs@v1/gifs/vtcl/28fb5fb5-4631-4879-8671-00fea84ca5d7.gif
https://cdn.jsdelivr.net/gh/ViratiAkiraNandhanReddy/pixel-art-readme-gifs@v1/gifs/vtcl/3868ef92-5f94-49ca-9ab6-1eaa9ce50665.gif
https://cdn.jsdelivr.net/gh/ViratiAkiraNandhanReddy/pixel-art-readme-gifs@v1/gifs/vtcl/3d42e9d6-af6a-40e0-85e3-e2776671438f.gif
https://cdn.jsdelivr.net/gh/ViratiAkiraNandhanReddy/pixel-art-readme-gifs@v1/gifs/vtcl/3fcf318f-5516-4a6d-82d0-7af0c219f855.gif
https://cdn.jsdelivr.net/gh/ViratiAkiraNandhanReddy/pixel-art-readme-gifs@v1/gifs/vtcl/4734ae7b-e558-4435-8327-7cb09f667190.gif
https://cdn.jsdelivr.net/gh/ViratiAkiraNandhanReddy/pixel-art-readme-gifs@v1/gifs/vtcl/4c89f977-0850-42a6-8397-465c5ba1f15e.gif
https://cdn.jsdelivr.net/gh/ViratiAkiraNandhanReddy/pixel-art-readme-gifs@v1/gifs/vtcl/58837429-458e-413d-9ea0-49e2af285bca.gif
https://cdn.jsdelivr.net/gh/ViratiAkiraNandhanReddy/pixel-art-readme-gifs@v1/gifs/vtcl/5e5e0f82-a7ce-427a-8cb4-37deda798d2b.gif
https://cdn.jsdelivr.net/gh/ViratiAkiraNandhanReddy/pixel-art-readme-gifs@v1/gifs/vtcl/6231df0a-06e3-41e9-92b6-e9d8a9b5f2bb.gif
https://cdn.jsdelivr.net/gh/ViratiAkiraNandhanReddy/pixel-art-readme-gifs@v1/gifs/vtcl/65c459ee-97cd-4366-a32c-f8222fa81c73.gif
https://cdn.jsdelivr.net/gh/ViratiAkiraNandhanReddy/pixel-art-readme-gifs@v1/gifs/vtcl/6d224524-bdf7-4681-abff-fa505e05d677.gif
https://cdn.jsdelivr.net/gh/ViratiAkiraNandhanReddy/pixel-art-readme-gifs@v1/gifs/vtcl/796446b9-e436-4e00-bfd1-cd777125bb78.gif
https://cdn.jsdelivr.net/gh/ViratiAkiraNandhanReddy/pixel-art-readme-gifs@v1/gifs/vtcl/8ae0e052-3e97-4850-b25e-9ec4bf6a12d6.gif
https://cdn.jsdelivr.net/gh/ViratiAkiraNandhanReddy/pixel-art-readme-gifs@v1/gifs/vtcl/91e3a05b-de86-426c-b499-9d3a64964609.gif
https://cdn.jsdelivr.net/gh/ViratiAkiraNandhanReddy/pixel-art-readme-gifs@v1/gifs/vtcl/926b6e11-f962-40e6-8317-d04d4aad97e0.gif
https://cdn.jsdelivr.net/gh/ViratiAkiraNandhanReddy/pixel-art-readme-gifs@v1/gifs/vtcl/b1b320cd-c6d7-4abe-ac89-2d871dd29ee2.gif
https://cdn.jsdelivr.net/gh/ViratiAkiraNandhanReddy/pixel-art-readme-gifs@v1/gifs/vtcl/b4b19764-4de8-494f-ae61-cd65ef7826b0.gif
https://cdn.jsdelivr.net/gh/ViratiAkiraNandhanReddy/pixel-art-readme-gifs@v1/gifs/vtcl/b987d2ea-505c-4ff0-91ae-beb05ebbcaf1.gif
https://cdn.jsdelivr.net/gh/ViratiAkiraNandhanReddy/pixel-art-readme-gifs@v1/gifs/vtcl/b98a5b45-7513-49f2-af3c-d3fd09bb4f1c.gif
https://cdn.jsdelivr.net/gh/ViratiAkiraNandhanReddy/pixel-art-readme-gifs@v1/gifs/vtcl/c53f4e40-9645-4f81-95cf-171c61d93e98.gif
https://cdn.jsdelivr.net/gh/ViratiAkiraNandhanReddy/pixel-art-readme-gifs@v1/gifs/vtcl/ce7cf567-cbeb-4b9e-abf0-7db1e52cf208.gif
https://cdn.jsdelivr.net/gh/ViratiAkiraNandhanReddy/pixel-art-readme-gifs@v1/gifs/vtcl/d03050c5-4805-4c26-bffa-7603126527ff.gif
https://cdn.jsdelivr.net/gh/ViratiAkiraNandhanReddy/pixel-art-readme-gifs@v1/gifs/vtcl/da7e8f4e-b11d-47e2-843d-29bef122f715.gif
https://cdn.jsdelivr.net/gh/ViratiAkiraNandhanReddy/pixel-art-readme-gifs@v1/gifs/vtcl/dbdde420-c489-4e88-afd3-eb8854e45164.gif
https://cdn.jsdelivr.net/gh/ViratiAkiraNandhanReddy/pixel-art-readme-gifs@v1/gifs/vtcl/de708b8c-c6bc-40e1-b764-690b473b0c5e.gif
https://cdn.jsdelivr.net/gh/ViratiAkiraNandhanReddy/pixel-art-readme-gifs@v1/gifs/vtcl/dee1b7a7-7dfc-473a-9c9f-90116b466ed7.gif
https://cdn.jsdelivr.net/gh/ViratiAkiraNandhanReddy/pixel-art-readme-gifs@v1/gifs/vtcl/ecccd335-1e7e-4adb-a2d2-2c22282b894f.gif
https://cdn.jsdelivr.net/gh/ViratiAkiraNandhanReddy/pixel-art-readme-gifs@v1/gifs/vtcl/f0321376-a0c0-47c8-80c4-9dfda31a7b2d.gif
https://cdn.jsdelivr.net/gh/ViratiAkiraNandhanReddy/pixel-art-readme-gifs@v1/gifs/vtcl/f0c53b2f-e53c-4d58-bea2-e79ae8d8c602.gif
https://cdn.jsdelivr.net/gh/ViratiAkiraNandhanReddy/pixel-art-readme-gifs@v1/gifs/vtcl/f0d88d24-1227-4d77-971a-611b3c48c69b.gif
https://cdn.jsdelivr.net/gh/ViratiAkiraNandhanReddy/pixel-art-readme-gifs@v1/gifs/vtcl/fb43500d-40a7-4bce-a9c4-a8d83822cf70.gif